<?xml version="1.0" encoding="UTF-8"?>
<!-- Generated by org.testng.reporters.JUnitXMLReporter -->
<testsuite ignored="0" hostname="DESKTOP-ADSAJKA" failures="0" tests="15" name="BookGettersSettersTests" time="0.3" errors="0" timestamp="2024-12-11T23:28:28 PKT">
  <testcase classname="test.BookTest" name="testGetBookId" time="0.017"/>
  <testcase classname="test.BookTest" name="testGetBookId" time="0.043"/>
  <testcase classname="test.BookTest" name="testGetBookId" time="0.003"/>
  <testcase classname="test.BookTest" name="testGetTitle" time="0.007"/>
  <testcase classname="test.BookTest" name="testGetTitle" time="0.002"/>
  <testcase classname="test.BookTest" name="testGetTitle" time="0.01"/>
  <testcase classname="test.BookTest" name="testGetAuthor" time="0.003"/>
  <testcase classname="test.BookTest" name="testGetAuthor" time="0.003"/>
  <testcase classname="test.BookTest" name="testGetAuthor" time="0.005"/>
  <testcase classname="test.BookTest" name="testIsAvailable" time="0.014"/>
  <testcase classname="test.BookTest" name="testIsAvailable" time="0.005"/>
  <testcase classname="test.BookTest" name="testIsAvailable" time="0.002"/>
  <testcase classname="test.BookTest" name="testSetAvailable" time="0.003"/>
  <testcase classname="test.BookTest" name="testSetAvailable" time="0.001"/>
  <testcase classname="test.BookTest" name="testSetAvailable" time="0.002"/>
</testsuite> <!-- BookGettersSettersTests -->
