<?xml version="1.0" encoding="UTF-8"?>
<!-- Generated by org.testng.reporters.JUnitXMLReporter -->
<testsuite ignored="0" hostname="DESKTOP-ADSAJKA" failures="0" tests="10" name="BookTestExcel" time="2.636" errors="0" timestamp="2024-12-11T00:38:27 PKT">
  <testcase classname="test.BookTestExcel" name="testAddNewBook" time="0.003"/>
  <testcase classname="test.BookTestExcel" name="testAddNewBook" time="0.004"/>
  <testcase classname="test.BookTestExcel" name="testAddNewBook" time="0.002"/>
  <testcase classname="test.BookTestExcel" name="testAddNewBook" time="0.002"/>
  <testcase classname="test.BookTestExcel" name="testAddNewBook" time="0.009"/>
  <testcase classname="test.BookTestExcel" name="testAddNewBook" time="0.001"/>
  <testcase classname="test.BookTestExcel" name="testAddNewBook" time="0.003"/>
  <testcase classname="test.BookTestExcel" name="testAddNewBook" time="0.007"/>
  <testcase classname="test.BookTestExcel" name="testAddNewBook" time="0.001"/>
  <testcase classname="test.BookTestExcel" name="testAddNewBook" time="0.004"/>
</testsuite> <!-- BookTestExcel -->
