<?xml version="1.0" encoding="UTF-8"?>
<!-- Generated by org.testng.reporters.JUnitXMLReporter -->
<testsuite ignored="0" hostname="DESKTOP-ADSAJKA" failures="0" tests="14" name="LibraryTests" time="0.926" errors="0" timestamp="2024-12-11T23:28:28 PKT">
  <testcase classname="test.LibraryTest" name="testAddBook" time="0.062"/>
  <testcase classname="test.LibraryTest" name="testAddBook" time="0.005"/>
  <testcase classname="test.LibraryTest" name="testAddBook" time="0.004"/>
  <testcase classname="test.LibraryTest" name="testAddMember" time="0.005"/>
  <testcase classname="test.LibraryTest" name="testAddMember" time="0.002"/>
  <testcase classname="test.LibraryTest" name="testAddMember" time="0.004"/>
  <testcase classname="test.LibraryTest" name="testListBooks" time="0.016"/>
  <testcase classname="test.LibraryTest" name="testListBooks" time="0.01"/>
  <testcase classname="test.LibraryTest" name="testListMembers" time="0.053"/>
  <testcase classname="test.LibraryTest" name="testListMembers" time="0.003"/>
  <testcase classname="test.LibraryTest" name="testIsBookAvailable" time="0.029"/>
  <testcase classname="test.LibraryTest" name="testIsBookAvailable" time="0.003"/>
  <testcase classname="test.LibraryTest" name="testIsBookAvailable" time="0.002"/>
  <testcase classname="test.LibraryTest" name="testIsBookAvailable" time="0.002"/>
</testsuite> <!-- LibraryTests -->
