<?xml version="1.0" encoding="UTF-8"?>
<!-- Generated by org.testng.reporters.JUnitXMLReporter -->
<testsuite ignored="0" hostname="DESKTOP-ADSAJKA" failures="0" tests="14" name="LibraryTests" time="0.442" errors="0" timestamp="2024-12-11T00:38:25 PKT">
  <testcase classname="test.LibraryTest" name="testAddBook" time="0.056"/>
  <testcase classname="test.LibraryTest" name="testAddBook" time="0.005"/>
  <testcase classname="test.LibraryTest" name="testAddBook" time="0.005"/>
  <testcase classname="test.LibraryTest" name="testAddMember" time="0.004"/>
  <testcase classname="test.LibraryTest" name="testAddMember" time="0.007"/>
  <testcase classname="test.LibraryTest" name="testAddMember" time="0.008"/>
  <testcase classname="test.LibraryTest" name="testListBooks" time="0.011"/>
  <testcase classname="test.LibraryTest" name="testListBooks" time="0.018"/>
  <testcase classname="test.LibraryTest" name="testListMembers" time="0.006"/>
  <testcase classname="test.LibraryTest" name="testListMembers" time="0.008"/>
  <testcase classname="test.LibraryTest" name="testIsBookAvailable" time="0.014"/>
  <testcase classname="test.LibraryTest" name="testIsBookAvailable" time="0.005"/>
  <testcase classname="test.LibraryTest" name="testIsBookAvailable" time="0.003"/>
  <testcase classname="test.LibraryTest" name="testIsBookAvailable" time="0.004"/>
</testsuite> <!-- LibraryTests -->
