<?xml version="1.0" encoding="UTF-8"?>
<!-- Generated by org.testng.reporters.JUnitXMLReporter -->
<testsuite ignored="0" hostname="DESKTOP-ADSAJKA" failures="0" tests="9" name="LibraryManagementSystemTests" time="0.917" errors="0" timestamp="2024-12-11T23:28:28 PKT">
  <testcase classname="test.LibraryManagementSystemTest" name="testAddNewBook" time="0.099"/>
  <testcase classname="test.LibraryManagementSystemTest" name="testAddNewBook" time="0.016"/>
  <testcase classname="test.LibraryManagementSystemTest" name="testAddNewBook" time="0.007"/>
  <testcase classname="test.LibraryManagementSystemTest" name="testAddNewMember" time="0.142"/>
  <testcase classname="test.LibraryManagementSystemTest" name="testAddNewMember" time="0.007"/>
  <testcase classname="test.LibraryManagementSystemTest" name="testAddNewMember" time="0.003"/>
  <testcase classname="test.LibraryManagementSystemTest" name="testCheckBookAvailability" time="0.049"/>
  <testcase classname="test.LibraryManagementSystemTest" name="testCheckBookAvailability" time="0.002"/>
  <testcase classname="test.LibraryManagementSystemTest" name="testCheckBookAvailability" time="0.007"/>
</testsuite> <!-- LibraryManagementSystemTests -->
