<?xml version="1.0" encoding="UTF-8"?>
<!-- Generated by org.testng.reporters.JUnitXMLReporter -->
<testsuite ignored="0" hostname="DESKTOP-ADSAJKA" failures="0" tests="5" name="LibraryTestExcel" time="2.483" errors="0" timestamp="2024-12-11T23:28:29 PKT">
  <testcase classname="test.LibraryTestExcel" name="testAddBookAndMember" time="0.022"/>
  <testcase classname="test.LibraryTestExcel" name="testAddBookAndMember" time="0.013"/>
  <testcase classname="test.LibraryTestExcel" name="testAddBookAndMember" time="0.003"/>
  <testcase classname="test.LibraryTestExcel" name="testAddBookAndMember" time="0.002"/>
  <testcase classname="test.LibraryTestExcel" name="testAddBookAndMember" time="0.005"/>
</testsuite> <!-- LibraryTestExcel -->
