<?xml version="1.0" encoding="UTF-8"?>
<!-- Generated by org.testng.reporters.JUnitXMLReporter -->
<testsuite ignored="0" hostname="DESKTOP-ADSAJKA" failures="0" tests="9" name="LibraryManagementSystemTests" time="0.459" errors="0" timestamp="2024-12-11T00:38:25 PKT">
  <testcase classname="test.LibraryManagementSystemTest" name="testAddNewBook" time="0.112"/>
  <testcase classname="test.LibraryManagementSystemTest" name="testAddNewBook" time="0.009"/>
  <testcase classname="test.LibraryManagementSystemTest" name="testAddNewBook" time="0.009"/>
  <testcase classname="test.LibraryManagementSystemTest" name="testAddNewMember" time="0.051"/>
  <testcase classname="test.LibraryManagementSystemTest" name="testAddNewMember" time="0.006"/>
  <testcase classname="test.LibraryManagementSystemTest" name="testAddNewMember" time="0.015"/>
  <testcase classname="test.LibraryManagementSystemTest" name="testCheckBookAvailability" time="0.022"/>
  <testcase classname="test.LibraryManagementSystemTest" name="testCheckBookAvailability" time="0.002"/>
  <testcase classname="test.LibraryManagementSystemTest" name="testCheckBookAvailability" time="0.022"/>
</testsuite> <!-- LibraryManagementSystemTests -->
