<?xml version="1.0" encoding="UTF-8"?>
<!-- Generated by org.testng.reporters.JUnitXMLReporter -->
<testsuite ignored="0" hostname="DESKTOP-ADSAJKA" failures="0" tests="15" name="MemberTests" time="0.534" errors="0" timestamp="2024-12-11T00:38:25 PKT">
  <testcase classname="test.MemberTest" name="testBorrowBook" time="0.104"/>
  <testcase classname="test.MemberTest" name="testBorrowBook" time="0.006"/>
  <testcase classname="test.MemberTest" name="testBorrowBook" time="0.005"/>
  <testcase classname="test.MemberTest" name="testReturnBook" time="0.036"/>
  <testcase classname="test.MemberTest" name="testReturnBook" time="0.012"/>
  <testcase classname="test.MemberTest" name="testReturnBook" time="0.005"/>
  <testcase classname="test.MemberTest" name="testGetMemberId" time="0.008"/>
  <testcase classname="test.MemberTest" name="testGetMemberId" time="0.009"/>
  <testcase classname="test.MemberTest" name="testGetMemberId" time="0.001"/>
  <testcase classname="test.MemberTest" name="testGetName" time="0.004"/>
  <testcase classname="test.MemberTest" name="testGetName" time="0.026"/>
  <testcase classname="test.MemberTest" name="testGetName" time="0.006"/>
  <testcase classname="test.MemberTest" name="testGetDetails" time="0.003"/>
  <testcase classname="test.MemberTest" name="testGetDetails" time="0.039"/>
  <testcase classname="test.MemberTest" name="testGetDetails" time="0.003"/>
</testsuite> <!-- MemberTests -->
