<?xml version="1.0" encoding="UTF-8"?>
<!-- Generated by org.testng.reporters.JUnitXMLReporter -->
<testsuite ignored="0" hostname="DESKTOP-ADSAJKA" failures="0" tests="15" name="MemberTests" time="0.874" errors="0" timestamp="2024-12-11T23:28:28 PKT">
  <testcase classname="test.MemberTest" name="testBorrowBook" time="0.084"/>
  <testcase classname="test.MemberTest" name="testBorrowBook" time="0.003"/>
  <testcase classname="test.MemberTest" name="testBorrowBook" time="0.005"/>
  <testcase classname="test.MemberTest" name="testReturnBook" time="0.004"/>
  <testcase classname="test.MemberTest" name="testReturnBook" time="0.002"/>
  <testcase classname="test.MemberTest" name="testReturnBook" time="0.013"/>
  <testcase classname="test.MemberTest" name="testGetMemberId" time="0.033"/>
  <testcase classname="test.MemberTest" name="testGetMemberId" time="0.118"/>
  <testcase classname="test.MemberTest" name="testGetMemberId" time="0.002"/>
  <testcase classname="test.MemberTest" name="testGetName" time="0.006"/>
  <testcase classname="test.MemberTest" name="testGetName" time="0.011"/>
  <testcase classname="test.MemberTest" name="testGetName" time="0.009"/>
  <testcase classname="test.MemberTest" name="testGetDetails" time="0.003"/>
  <testcase classname="test.MemberTest" name="testGetDetails" time="0.013"/>
  <testcase classname="test.MemberTest" name="testGetDetails" time="0.01"/>
</testsuite> <!-- MemberTests -->
