<?xml version="1.0" encoding="UTF-8"?>
<!-- Generated by org.testng.reporters.JUnitXMLReporter -->
<testsuite ignored="0" hostname="DESKTOP-ADSAJKA" failures="0" tests="15" name="Default test" time="0.198" errors="0" timestamp="2024-12-11T00:44:11 PKT">
  <testcase classname="test.MemberTest" name="testBorrowBook" time="0.025"/>
  <testcase classname="test.MemberTest" name="testBorrowBook" time="0.006"/>
  <testcase classname="test.MemberTest" name="testBorrowBook" time="0.003"/>
  <testcase classname="test.MemberTest" name="testReturnBook" time="0.003"/>
  <testcase classname="test.MemberTest" name="testReturnBook" time="0.003"/>
  <testcase classname="test.MemberTest" name="testReturnBook" time="0.002"/>
  <testcase classname="test.MemberTest" name="testGetMemberId" time="0.005"/>
  <testcase classname="test.MemberTest" name="testGetMemberId" time="0.002"/>
  <testcase classname="test.MemberTest" name="testGetMemberId" time="0.004"/>
  <testcase classname="test.MemberTest" name="testGetName" time="0.002"/>
  <testcase classname="test.MemberTest" name="testGetName" time="0.001"/>
  <testcase classname="test.MemberTest" name="testGetName" time="0.003"/>
  <testcase classname="test.MemberTest" name="testGetDetails" time="0.003"/>
  <testcase classname="test.MemberTest" name="testGetDetails" time="0.002"/>
  <testcase classname="test.MemberTest" name="testGetDetails" time="0.002"/>
</testsuite> <!-- Default test -->
