<?xml version="1.0" encoding="UTF-8"?>
<!-- Generated by org.testng.reporters.JUnitXMLReporter -->
<testsuite ignored="0" hostname="DESKTOP-ADSAJKA" failures="0" tests="53" name="Surefire test" time="0.273" errors="0" timestamp="2024-12-11T00:33:50 PKT">
  <testcase classname="test.BookTest" name="testGetBookId" time="0.019"/>
  <testcase classname="test.BookTest" name="testGetBookId" time="0.001"/>
  <testcase classname="test.BookTest" name="testGetBookId" time="0.001"/>
  <testcase classname="test.BookTest" name="testGetTitle" time="0.001"/>
  <testcase classname="test.BookTest" name="testGetTitle" time="0.001"/>
  <testcase classname="test.BookTest" name="testGetTitle" time="0.0"/>
  <testcase classname="test.BookTest" name="testGetAuthor" time="0.001"/>
  <testcase classname="test.BookTest" name="testGetAuthor" time="0.001"/>
  <testcase classname="test.BookTest" name="testGetAuthor" time="0.0"/>
  <testcase classname="test.BookTest" name="testIsAvailable" time="0.004"/>
  <testcase classname="test.BookTest" name="testIsAvailable" time="0.0"/>
  <testcase classname="test.BookTest" name="testIsAvailable" time="0.001"/>
  <testcase classname="test.BookTest" name="testSetAvailable" time="0.001"/>
  <testcase classname="test.BookTest" name="testSetAvailable" time="0.002"/>
  <testcase classname="test.BookTest" name="testSetAvailable" time="0.0"/>
  <testcase classname="test.LibraryManagementSystemTest" name="testAddNewBook" time="0.009"/>
  <testcase classname="test.LibraryManagementSystemTest" name="testAddNewBook" time="0.001"/>
  <testcase classname="test.LibraryManagementSystemTest" name="testAddNewBook" time="0.001"/>
  <testcase classname="test.LibraryManagementSystemTest" name="testAddNewMember" time="0.005"/>
  <testcase classname="test.LibraryManagementSystemTest" name="testAddNewMember" time="0.001"/>
  <testcase classname="test.LibraryManagementSystemTest" name="testAddNewMember" time="0.0"/>
  <testcase classname="test.LibraryManagementSystemTest" name="testCheckBookAvailability" time="0.006"/>
  <testcase classname="test.LibraryManagementSystemTest" name="testCheckBookAvailability" time="0.001"/>
  <testcase classname="test.LibraryManagementSystemTest" name="testCheckBookAvailability" time="0.001"/>
  <testcase classname="test.LibraryTest" name="testAddBook" time="0.002"/>
  <testcase classname="test.LibraryTest" name="testAddBook" time="0.0"/>
  <testcase classname="test.LibraryTest" name="testAddBook" time="0.0"/>
  <testcase classname="test.LibraryTest" name="testAddMember" time="0.001"/>
  <testcase classname="test.LibraryTest" name="testAddMember" time="0.001"/>
  <testcase classname="test.LibraryTest" name="testAddMember" time="0.001"/>
  <testcase classname="test.LibraryTest" name="testListBooks" time="0.001"/>
  <testcase classname="test.LibraryTest" name="testListBooks" time="0.001"/>
  <testcase classname="test.LibraryTest" name="testListMembers" time="0.001"/>
  <testcase classname="test.LibraryTest" name="testListMembers" time="0.0"/>
  <testcase classname="test.LibraryTest" name="testIsBookAvailable" time="0.003"/>
  <testcase classname="test.LibraryTest" name="testIsBookAvailable" time="0.001"/>
  <testcase classname="test.LibraryTest" name="testIsBookAvailable" time="0.0"/>
  <testcase classname="test.LibraryTest" name="testIsBookAvailable" time="0.001"/>
  <testcase classname="test.MemberTest" name="testBorrowBook" time="0.006"/>
  <testcase classname="test.MemberTest" name="testBorrowBook" time="0.0"/>
  <testcase classname="test.MemberTest" name="testBorrowBook" time="0.001"/>
  <testcase classname="test.MemberTest" name="testReturnBook" time="0.001"/>
  <testcase classname="test.MemberTest" name="testReturnBook" time="0.0"/>
  <testcase classname="test.MemberTest" name="testReturnBook" time="0.001"/>
  <testcase classname="test.MemberTest" name="testGetMemberId" time="0.004"/>
  <testcase classname="test.MemberTest" name="testGetMemberId" time="0.001"/>
  <testcase classname="test.MemberTest" name="testGetMemberId" time="0.001"/>
  <testcase classname="test.MemberTest" name="testGetName" time="0.0"/>
  <testcase classname="test.MemberTest" name="testGetName" time="0.0"/>
  <testcase classname="test.MemberTest" name="testGetName" time="0.0"/>
  <testcase classname="test.MemberTest" name="testGetDetails" time="0.001"/>
  <testcase classname="test.MemberTest" name="testGetDetails" time="0.001"/>
  <testcase classname="test.MemberTest" name="testGetDetails" time="0.001"/>
</testsuite> <!-- Surefire test -->
