<?xml version="1.0" encoding="UTF-8"?>
<testsuite xmlns:xsi="http://www.w3.org/2001/XMLSchema-instance" xsi:noNamespaceSchemaLocation="https://maven.apache.org/surefire/maven-surefire-plugin/xsd/surefire-test-report-3.0.xsd" version="3.0" name="TestSuite" time="2.657" tests="53" errors="0" skipped="0" failures="0">
  <properties>
[...]
</properties>
  <testcase name="testGetBookId[B001, B001, City of Hearts, Ahmed Faraz, true](1)" classname="test.BookTest" time="0.019">
    <system-err><![CDATA[SLF4J: No SLF4J providers were found.
SLF4J: Defaulting to no-operation (NOP) logger implementation
SLF4J: See https://www.slf4j.org/codes.html#noProviders for further details.
SLF4J: Class path contains SLF4J bindings targeting slf4j-api versions 1.7.x or earlier.
SLF4J: Ignoring binding found at [jar:file:/C:/Users/waseem/.m2/repository/org/apache/logging/log4j/log4j-slf4j-impl/2.17.2/log4j-slf4j-impl-2.17.2.jar!/org/slf4j/impl/StaticLoggerBinder.class]
SLF4J: See https://www.slf4j.org/codes.html#ignoredBindings for an explanation.
]]></system-err>
  </testcase>
  <testcase name="testGetBookId[B002, B002, Dreams of the World, Mahmood Khan, false](2)" classname="test.BookTest" time="0.0"/>
  <testcase name="testGetBookId[B003, B003, World of Sufism, Abdullah Khan, true](3)" classname="test.BookTest" time="0.003"/>
  <testcase name="testGetTitle[City of Hearts, B001, City of Hearts, Ahmed Faraz, true](1)" classname="test.BookTest" time="0.002"/>
  <testcase name="testGetTitle[Dreams of the World, B002, Dreams of the World, Mahmood Khan, false](2)" classname="test.BookTest" time="0.001"/>
  <testcase name="testGetTitle[World of Sufism, B003, World of Sufism, Abdullah Khan, true](3)" classname="test.BookTest" time="0.0"/>
  <testcase name="testGetAuthor[Ahmed Faraz, B001, City of Hearts, Ahmed Faraz, true](1)" classname="test.BookTest" time="0.001"/>
  <testcase name="testGetAuthor[Mahmood Khan, B002, Dreams of the World, Mahmood Khan, false](2)" classname="test.BookTest" time="0.0"/>
  <testcase name="testGetAuthor[Abdullah Khan, B003, World of Sufism, Abdullah Khan, true](3)" classname="test.BookTest" time="0.001"/>
  <testcase name="testIsAvailable[true, B001, City of Hearts, Ahmed Faraz, true](1)" classname="test.BookTest" time="0.004"/>
  <testcase name="testIsAvailable[false, B002, Dreams of the World, Mahmood Khan, false](2)" classname="test.BookTest" time="0.001"/>
  <testcase name="testIsAvailable[true, B003, World of Sufism, Abdullah Khan, true](3)" classname="test.BookTest" time="0.003"/>
  <testcase name="testSetAvailable[false, B001, City of Hearts, Ahmed Faraz, true](1)" classname="test.BookTest" time="0.004"/>
  <testcase name="testSetAvailable[true, B002, Dreams of the World, Mahmood Khan, false](2)" classname="test.BookTest" time="0.0"/>
  <testcase name="testSetAvailable[false, B003, World of Sufism, Abdullah Khan, true](3)" classname="test.BookTest" time="0.0"/>
  <testcase name="testAddNewBook[B001, City of Hearts, Ahmed Faraz, true](1)" classname="test.LibraryManagementSystemTest" time="0.012"/>
  <testcase name="testAddNewBook[B002, Dreams of the World, Mahmood Khan, false](2)" classname="test.LibraryManagementSystemTest" time="0.0"/>
  <testcase name="testAddNewBook[B003, The World Beyond, Ayesha Ali, true](3)" classname="test.LibraryManagementSystemTest" time="0.0"/>
  <testcase name="testAddNewMember[M001, Ali Ahmed](1)" classname="test.LibraryManagementSystemTest" time="0.005"/>
  <testcase name="testAddNewMember[M002, Sara Ali](2)" classname="test.LibraryManagementSystemTest" time="0.001"/>
  <testcase name="testAddNewMember[M003, Aslam Raza](3)" classname="test.LibraryManagementSystemTest" time="0.0"/>
  <testcase name="testCheckBookAvailability[B001, true](1)" classname="test.LibraryManagementSystemTest" time="0.005"/>
  <testcase name="testCheckBookAvailability[B002, false](2)" classname="test.LibraryManagementSystemTest" time="0.0"/>
  <testcase name="testCheckBookAvailability[B003, true](3)" classname="test.LibraryManagementSystemTest" time="0.001"/>
  <testcase name="testAddBook[library.Book@6cd24612](1)" classname="test.LibraryTest" time="0.002"/>
  <testcase name="testAddBook[library.Book@f68f0dc](2)" classname="test.LibraryTest" time="0.0"/>
  <testcase name="testAddBook[library.Book@14bdbc74](3)" classname="test.LibraryTest" time="0.0"/>
  <testcase name="testAddMember[library.Member@5a7fe64f](1)" classname="test.LibraryTest" time="0.0"/>
  <testcase name="testAddMember[library.Member@41330d4f](2)" classname="test.LibraryTest" time="0.002"/>
  <testcase name="testAddMember[library.Member@3e0e1046](3)" classname="test.LibraryTest" time="0.001"/>
  <testcase name="testListBooks[library.Book@7dc19a70, library.Book@508dec2b](1)" classname="test.LibraryTest" time="0.002"/>
  <testcase name="testListBooks[library.Book@1df8da7a, library.Book@23941fb4](2)" classname="test.LibraryTest" time="0.0"/>
  <testcase name="testListMembers[library.Member@660acfb, library.Member@5d908d47](1)" classname="test.LibraryTest" time="0.0"/>
  <testcase name="testListMembers[library.Member@1f9f6368, library.Member@1c9b0314](2)" classname="test.LibraryTest" time="0.001"/>
  <testcase name="testIsBookAvailable[B001, true](1)" classname="test.LibraryTest" time="0.003"/>
  <testcase name="testIsBookAvailable[B002, false](2)" classname="test.LibraryTest" time="0.0"/>
  <testcase name="testIsBookAvailable[B003, false](3)" classname="test.LibraryTest" time="0.0"/>
  <testcase name="testIsBookAvailable[B004, true](4)" classname="test.LibraryTest" time="0.001"/>
  <testcase name="testBorrowBook[Book borrowed: City of Hearts, true, B001, City of Hearts, Ahmed Faraz, M001, Ali Ahmed](1)" classname="test.MemberTest" time="0.008"/>
  <testcase name="testBorrowBook[Book is currently unavailable., false, B002, Dreams of the World, Mahmood Khan, M002, Sara Ali](2)" classname="test.MemberTest" time="0.001"/>
  <testcase name="testBorrowBook[Book borrowed: World of Sufism, true, B003, World of Sufism, Abdullah Khan, M003, Aslam Raza](3)" classname="test.MemberTest" time="0.0"/>
  <testcase name="testReturnBook[Book returned: City of Hearts, false, B001, City of Hearts, Ahmed Faraz, M001, Ali Ahmed](1)" classname="test.MemberTest" time="0.001"/>
  <testcase name="testReturnBook[Book returned: Dreams of the World, true, B002, Dreams of the World, Mahmood Khan, M002, Sara Ali](2)" classname="test.MemberTest" time="0.0"/>
  <testcase name="testReturnBook[Book returned: World of Sufism, true, B003, World of Sufism, Abdullah Khan, M003, Aslam Raza](3)" classname="test.MemberTest" time="0.003"/>
  <testcase name="testGetMemberId[M001, M001, Ali Ahmed](1)" classname="test.MemberTest" time="0.011"/>
  <testcase name="testGetMemberId[M002, M002, Sara Ali](2)" classname="test.MemberTest" time="0.0"/>
  <testcase name="testGetMemberId[M003, M003, Aslam Raza](3)" classname="test.MemberTest" time="0.0"/>
  <testcase name="testGetName[Ali Ahmed, M001, Ali Ahmed](1)" classname="test.MemberTest" time="0.0"/>
  <testcase name="testGetName[Sara Ali, M002, Sara Ali](2)" classname="test.MemberTest" time="0.0"/>
  <testcase name="testGetName[Aslam Raza, M003, Aslam Raza](3)" classname="test.MemberTest" time="0.001"/>
  <testcase name="testGetDetails[Member ID: M001, Name: Ali Ahmed, M001, Ali Ahmed](1)" classname="test.MemberTest" time="0.0"/>
  <testcase name="testGetDetails[Member ID: M002, Name: Sara Ali, M002, Sara Ali](2)" classname="test.MemberTest" time="0.0"/>
  <testcase name="testGetDetails[Member ID: M003, Name: Aslam Raza, M003, Aslam Raza](3)" classname="test.MemberTest" time="0.0"/>
</testsuite>