<?xml version="1.0" encoding="UTF-8"?>
<testng-results ignored="0" total="8" passed="8" failed="0" skipped="0">
  <reporter-output>
  </reporter-output>
  <suite started-at="2024-12-11T01:07:15 PKT" name="Default suite" finished-at="2024-12-11T01:07:25 PKT" duration-ms="9765">
    <groups>
    </groups>
    <test started-at="2024-12-11T01:07:15 PKT" name="Default test" finished-at="2024-12-11T01:07:25 PKT" duration-ms="9765">
      <class name="api.APITest">
        <test-method is-config="true" signature="setup()[pri:0, instance:api.APITest@28276e50]" started-at="2024-12-11T01:07:15 PKT" name="setup" finished-at="2024-12-11T01:07:16 PKT" duration-ms="672" status="PASS">
          <reporter-output>
          </reporter-output>
        </test-method> <!-- setup -->
        <test-method signature="testCreateUser()[pri:0, instance:api.APITest@28276e50]" started-at="2024-12-11T01:07:16 PKT" name="testCreateUser" finished-at="2024-12-11T01:07:20 PKT" duration-ms="4127" status="PASS">
          <reporter-output>
          </reporter-output>
        </test-method> <!-- testCreateUser -->
        <test-method signature="testDeleteUser()[pri:0, instance:api.APITest@28276e50]" started-at="2024-12-11T01:07:20 PKT" name="testDeleteUser" finished-at="2024-12-11T01:07:21 PKT" duration-ms="785" status="PASS">
          <reporter-output>
          </reporter-output>
        </test-method> <!-- testDeleteUser -->
        <test-method signature="testGetUser()[pri:0, instance:api.APITest@28276e50]" started-at="2024-12-11T01:07:21 PKT" name="testGetUser" finished-at="2024-12-11T01:07:22 PKT" duration-ms="494" status="PASS">
          <reporter-output>
          </reporter-output>
        </test-method> <!-- testGetUser -->
        <test-method signature="testGetUserList()[pri:0, instance:api.APITest@28276e50]" started-at="2024-12-11T01:07:22 PKT" name="testGetUserList" finished-at="2024-12-11T01:07:22 PKT" duration-ms="811" status="PASS">
          <reporter-output>
          </reporter-output>
        </test-method> <!-- testGetUserList -->
        <test-method signature="testGetUserListWithPagination()[pri:0, instance:api.APITest@28276e50]" started-at="2024-12-11T01:07:22 PKT" name="testGetUserListWithPagination" finished-at="2024-12-11T01:07:23 PKT" duration-ms="425" status="PASS">
          <reporter-output>
          </reporter-output>
        </test-method> <!-- testGetUserListWithPagination -->
        <test-method signature="testGetUserNotFound()[pri:0, instance:api.APITest@28276e50]" started-at="2024-12-11T01:07:23 PKT" name="testGetUserNotFound" finished-at="2024-12-11T01:07:24 PKT" duration-ms="792" status="PASS">
          <reporter-output>
          </reporter-output>
        </test-method> <!-- testGetUserNotFound -->
        <test-method signature="testPatchUpdateUserJob()[pri:0, instance:api.APITest@28276e50]" started-at="2024-12-11T01:07:24 PKT" name="testPatchUpdateUserJob" finished-at="2024-12-11T01:07:24 PKT" duration-ms="747" status="PASS">
          <reporter-output>
          </reporter-output>
        </test-method> <!-- testPatchUpdateUserJob -->
        <test-method signature="testUpdateUser()[pri:0, instance:api.APITest@28276e50]" started-at="2024-12-11T01:07:24 PKT" name="testUpdateUser" finished-at="2024-12-11T01:07:25 PKT" duration-ms="795" status="PASS">
          <reporter-output>
          </reporter-output>
        </test-method> <!-- testUpdateUser -->
      </class> <!-- api.APITest -->
    </test> <!-- Default test -->
  </suite> <!-- Default suite -->
</testng-results>
