<?xml version="1.0" encoding="UTF-8"?>
<testng-results ignored="0" total="15" passed="15" failed="0" skipped="0">
  <reporter-output>
  </reporter-output>
  <suite started-at="2024-12-11T00:44:11 PKT" name="Default suite" finished-at="2024-12-11T00:44:11 PKT" duration-ms="198">
    <groups>
      <group name="member_info">
        <method signature="MemberTest.testGetMemberId(java.lang.String,java.lang.String,java.lang.String)[pri:3, instance:test.MemberTest@64df9a61]" name="testGetMemberId" class="test.MemberTest"/>
        <method signature="MemberTest.testGetName(java.lang.String,java.lang.String,java.lang.String)[pri:4, instance:test.MemberTest@64df9a61]" name="testGetName" class="test.MemberTest"/>
        <method signature="MemberTest.testGetDetails(java.lang.String,java.lang.String,java.lang.String)[pri:5, instance:test.MemberTest@64df9a61]" name="testGetDetails" class="test.MemberTest"/>
      </group> <!-- member_info -->
      <group name="borrow_return">
        <method signature="MemberTest.testBorrowBook(java.lang.String,boolean,java.lang.String,java.lang.String,java.lang.String,java.lang.String,java.lang.String)[pri:1, instance:test.MemberTest@64df9a61]" name="testBorrowBook" class="test.MemberTest"/>
        <method signature="MemberTest.testReturnBook(java.lang.String,boolean,java.lang.String,java.lang.String,java.lang.String,java.lang.String,java.lang.String)[pri:2, instance:test.MemberTest@64df9a61]" name="testReturnBook" class="test.MemberTest"/>
      </group> <!-- borrow_return -->
    </groups>
    <test started-at="2024-12-11T00:44:11 PKT" name="Default test" finished-at="2024-12-11T00:44:11 PKT" duration-ms="198">
      <class name="test.MemberTest">
        <test-method signature="testBorrowBook(java.lang.String,boolean,java.lang.String,java.lang.String,java.lang.String,java.lang.String,java.lang.String)[pri:1, instance:test.MemberTest@64df9a61]" started-at="2024-12-11T00:44:11 PKT" name="testBorrowBook" data-provider="borrowBookData" finished-at="2024-12-11T00:44:11 PKT" duration-ms="25" status="PASS">
          <params>
            <param index="0">
              <value>
                <![CDATA[Book borrowed: City of Hearts]]>
              </value>
            </param>
            <param index="1">
              <value>
                <![CDATA[true]]>
              </value>
            </param>
            <param index="2">
              <value>
                <![CDATA[B001]]>
              </value>
            </param>
            <param index="3">
              <value>
                <![CDATA[City of Hearts]]>
              </value>
            </param>
            <param index="4">
              <value>
                <![CDATA[Ahmed Faraz]]>
              </value>
            </param>
            <param index="5">
              <value>
                <![CDATA[M001]]>
              </value>
            </param>
            <param index="6">
              <value>
                <![CDATA[Ali Ahmed]]>
              </value>
            </param>
          </params>
          <reporter-output>
          </reporter-output>
        </test-method> <!-- testBorrowBook -->
        <test-method signature="testBorrowBook(java.lang.String,boolean,java.lang.String,java.lang.String,java.lang.String,java.lang.String,java.lang.String)[pri:1, instance:test.MemberTest@64df9a61]" started-at="2024-12-11T00:44:11 PKT" name="testBorrowBook" data-provider="borrowBookData" finished-at="2024-12-11T00:44:11 PKT" duration-ms="6" status="PASS">
          <params>
            <param index="0">
              <value>
                <![CDATA[Book is currently unavailable.]]>
              </value>
            </param>
            <param index="1">
              <value>
                <![CDATA[false]]>
              </value>
            </param>
            <param index="2">
              <value>
                <![CDATA[B002]]>
              </value>
            </param>
            <param index="3">
              <value>
                <![CDATA[Dreams of the World]]>
              </value>
            </param>
            <param index="4">
              <value>
                <![CDATA[Mahmood Khan]]>
              </value>
            </param>
            <param index="5">
              <value>
                <![CDATA[M002]]>
              </value>
            </param>
            <param index="6">
              <value>
                <![CDATA[Sara Ali]]>
              </value>
            </param>
          </params>
          <reporter-output>
          </reporter-output>
        </test-method> <!-- testBorrowBook -->
        <test-method signature="testBorrowBook(java.lang.String,boolean,java.lang.String,java.lang.String,java.lang.String,java.lang.String,java.lang.String)[pri:1, instance:test.MemberTest@64df9a61]" started-at="2024-12-11T00:44:11 PKT" name="testBorrowBook" data-provider="borrowBookData" finished-at="2024-12-11T00:44:11 PKT" duration-ms="3" status="PASS">
          <params>
            <param index="0">
              <value>
                <![CDATA[Book borrowed: World of Sufism]]>
              </value>
            </param>
            <param index="1">
              <value>
                <![CDATA[true]]>
              </value>
            </param>
            <param index="2">
              <value>
                <![CDATA[B003]]>
              </value>
            </param>
            <param index="3">
              <value>
                <![CDATA[World of Sufism]]>
              </value>
            </param>
            <param index="4">
              <value>
                <![CDATA[Abdullah Khan]]>
              </value>
            </param>
            <param index="5">
              <value>
                <![CDATA[M003]]>
              </value>
            </param>
            <param index="6">
              <value>
                <![CDATA[Aslam Raza]]>
              </value>
            </param>
          </params>
          <reporter-output>
          </reporter-output>
        </test-method> <!-- testBorrowBook -->
        <test-method signature="testReturnBook(java.lang.String,boolean,java.lang.String,java.lang.String,java.lang.String,java.lang.String,java.lang.String)[pri:2, instance:test.MemberTest@64df9a61]" started-at="2024-12-11T00:44:11 PKT" name="testReturnBook" data-provider="returnBookData" finished-at="2024-12-11T00:44:11 PKT" duration-ms="3" status="PASS">
          <params>
            <param index="0">
              <value>
                <![CDATA[Book returned: City of Hearts]]>
              </value>
            </param>
            <param index="1">
              <value>
                <![CDATA[false]]>
              </value>
            </param>
            <param index="2">
              <value>
                <![CDATA[B001]]>
              </value>
            </param>
            <param index="3">
              <value>
                <![CDATA[City of Hearts]]>
              </value>
            </param>
            <param index="4">
              <value>
                <![CDATA[Ahmed Faraz]]>
              </value>
            </param>
            <param index="5">
              <value>
                <![CDATA[M001]]>
              </value>
            </param>
            <param index="6">
              <value>
                <![CDATA[Ali Ahmed]]>
              </value>
            </param>
          </params>
          <reporter-output>
          </reporter-output>
        </test-method> <!-- testReturnBook -->
        <test-method signature="testReturnBook(java.lang.String,boolean,java.lang.String,java.lang.String,java.lang.String,java.lang.String,java.lang.String)[pri:2, instance:test.MemberTest@64df9a61]" started-at="2024-12-11T00:44:11 PKT" name="testReturnBook" data-provider="returnBookData" finished-at="2024-12-11T00:44:11 PKT" duration-ms="3" status="PASS">
          <params>
            <param index="0">
              <value>
                <![CDATA[Book returned: Dreams of the World]]>
              </value>
            </param>
            <param index="1">
              <value>
                <![CDATA[true]]>
              </value>
            </param>
            <param index="2">
              <value>
                <![CDATA[B002]]>
              </value>
            </param>
            <param index="3">
              <value>
                <![CDATA[Dreams of the World]]>
              </value>
            </param>
            <param index="4">
              <value>
                <![CDATA[Mahmood Khan]]>
              </value>
            </param>
            <param index="5">
              <value>
                <![CDATA[M002]]>
              </value>
            </param>
            <param index="6">
              <value>
                <![CDATA[Sara Ali]]>
              </value>
            </param>
          </params>
          <reporter-output>
          </reporter-output>
        </test-method> <!-- testReturnBook -->
        <test-method signature="testReturnBook(java.lang.String,boolean,java.lang.String,java.lang.String,java.lang.String,java.lang.String,java.lang.String)[pri:2, instance:test.MemberTest@64df9a61]" started-at="2024-12-11T00:44:11 PKT" name="testReturnBook" data-provider="returnBookData" finished-at="2024-12-11T00:44:11 PKT" duration-ms="2" status="PASS">
          <params>
            <param index="0">
              <value>
                <![CDATA[Book returned: World of Sufism]]>
              </value>
            </param>
            <param index="1">
              <value>
                <![CDATA[true]]>
              </value>
            </param>
            <param index="2">
              <value>
                <![CDATA[B003]]>
              </value>
            </param>
            <param index="3">
              <value>
                <![CDATA[World of Sufism]]>
              </value>
            </param>
            <param index="4">
              <value>
                <![CDATA[Abdullah Khan]]>
              </value>
            </param>
            <param index="5">
              <value>
                <![CDATA[M003]]>
              </value>
            </param>
            <param index="6">
              <value>
                <![CDATA[Aslam Raza]]>
              </value>
            </param>
          </params>
          <reporter-output>
          </reporter-output>
        </test-method> <!-- testReturnBook -->
        <test-method signature="testGetMemberId(java.lang.String,java.lang.String,java.lang.String)[pri:3, instance:test.MemberTest@64df9a61]" started-at="2024-12-11T00:44:11 PKT" name="testGetMemberId" data-provider="memberIdData" finished-at="2024-12-11T00:44:11 PKT" duration-ms="5" status="PASS">
          <params>
            <param index="0">
              <value>
                <![CDATA[M001]]>
              </value>
            </param>
            <param index="1">
              <value>
                <![CDATA[M001]]>
              </value>
            </param>
            <param index="2">
              <value>
                <![CDATA[Ali Ahmed]]>
              </value>
            </param>
          </params>
          <reporter-output>
          </reporter-output>
        </test-method> <!-- testGetMemberId -->
        <test-method signature="testGetMemberId(java.lang.String,java.lang.String,java.lang.String)[pri:3, instance:test.MemberTest@64df9a61]" started-at="2024-12-11T00:44:11 PKT" name="testGetMemberId" data-provider="memberIdData" finished-at="2024-12-11T00:44:11 PKT" duration-ms="2" status="PASS">
          <params>
            <param index="0">
              <value>
                <![CDATA[M002]]>
              </value>
            </param>
            <param index="1">
              <value>
                <![CDATA[M002]]>
              </value>
            </param>
            <param index="2">
              <value>
                <![CDATA[Sara Ali]]>
              </value>
            </param>
          </params>
          <reporter-output>
          </reporter-output>
        </test-method> <!-- testGetMemberId -->
        <test-method signature="testGetMemberId(java.lang.String,java.lang.String,java.lang.String)[pri:3, instance:test.MemberTest@64df9a61]" started-at="2024-12-11T00:44:11 PKT" name="testGetMemberId" data-provider="memberIdData" finished-at="2024-12-11T00:44:11 PKT" duration-ms="4" status="PASS">
          <params>
            <param index="0">
              <value>
                <![CDATA[M003]]>
              </value>
            </param>
            <param index="1">
              <value>
                <![CDATA[M003]]>
              </value>
            </param>
            <param index="2">
              <value>
                <![CDATA[Aslam Raza]]>
              </value>
            </param>
          </params>
          <reporter-output>
          </reporter-output>
        </test-method> <!-- testGetMemberId -->
        <test-method signature="testGetName(java.lang.String,java.lang.String,java.lang.String)[pri:4, instance:test.MemberTest@64df9a61]" started-at="2024-12-11T00:44:11 PKT" name="testGetName" data-provider="memberNameData" finished-at="2024-12-11T00:44:11 PKT" duration-ms="2" status="PASS">
          <params>
            <param index="0">
              <value>
                <![CDATA[Ali Ahmed]]>
              </value>
            </param>
            <param index="1">
              <value>
                <![CDATA[M001]]>
              </value>
            </param>
            <param index="2">
              <value>
                <![CDATA[Ali Ahmed]]>
              </value>
            </param>
          </params>
          <reporter-output>
          </reporter-output>
        </test-method> <!-- testGetName -->
        <test-method signature="testGetName(java.lang.String,java.lang.String,java.lang.String)[pri:4, instance:test.MemberTest@64df9a61]" started-at="2024-12-11T00:44:11 PKT" name="testGetName" data-provider="memberNameData" finished-at="2024-12-11T00:44:11 PKT" duration-ms="1" status="PASS">
          <params>
            <param index="0">
              <value>
                <![CDATA[Sara Ali]]>
              </value>
            </param>
            <param index="1">
              <value>
                <![CDATA[M002]]>
              </value>
            </param>
            <param index="2">
              <value>
                <![CDATA[Sara Ali]]>
              </value>
            </param>
          </params>
          <reporter-output>
          </reporter-output>
        </test-method> <!-- testGetName -->
        <test-method signature="testGetName(java.lang.String,java.lang.String,java.lang.String)[pri:4, instance:test.MemberTest@64df9a61]" started-at="2024-12-11T00:44:11 PKT" name="testGetName" data-provider="memberNameData" finished-at="2024-12-11T00:44:11 PKT" duration-ms="3" status="PASS">
          <params>
            <param index="0">
              <value>
                <![CDATA[Aslam Raza]]>
              </value>
            </param>
            <param index="1">
              <value>
                <![CDATA[M003]]>
              </value>
            </param>
            <param index="2">
              <value>
                <![CDATA[Aslam Raza]]>
              </value>
            </param>
          </params>
          <reporter-output>
          </reporter-output>
        </test-method> <!-- testGetName -->
        <test-method signature="testGetDetails(java.lang.String,java.lang.String,java.lang.String)[pri:5, instance:test.MemberTest@64df9a61]" started-at="2024-12-11T00:44:11 PKT" name="testGetDetails" data-provider="memberDetailsData" finished-at="2024-12-11T00:44:11 PKT" duration-ms="3" status="PASS">
          <params>
            <param index="0">
              <value>
                <![CDATA[Member ID: M001, Name: Ali Ahmed]]>
              </value>
            </param>
            <param index="1">
              <value>
                <![CDATA[M001]]>
              </value>
            </param>
            <param index="2">
              <value>
                <![CDATA[Ali Ahmed]]>
              </value>
            </param>
          </params>
          <reporter-output>
          </reporter-output>
        </test-method> <!-- testGetDetails -->
        <test-method signature="testGetDetails(java.lang.String,java.lang.String,java.lang.String)[pri:5, instance:test.MemberTest@64df9a61]" started-at="2024-12-11T00:44:11 PKT" name="testGetDetails" data-provider="memberDetailsData" finished-at="2024-12-11T00:44:11 PKT" duration-ms="2" status="PASS">
          <params>
            <param index="0">
              <value>
                <![CDATA[Member ID: M002, Name: Sara Ali]]>
              </value>
            </param>
            <param index="1">
              <value>
                <![CDATA[M002]]>
              </value>
            </param>
            <param index="2">
              <value>
                <![CDATA[Sara Ali]]>
              </value>
            </param>
          </params>
          <reporter-output>
          </reporter-output>
        </test-method> <!-- testGetDetails -->
        <test-method signature="testGetDetails(java.lang.String,java.lang.String,java.lang.String)[pri:5, instance:test.MemberTest@64df9a61]" started-at="2024-12-11T00:44:11 PKT" name="testGetDetails" data-provider="memberDetailsData" finished-at="2024-12-11T00:44:11 PKT" duration-ms="2" status="PASS">
          <params>
            <param index="0">
              <value>
                <![CDATA[Member ID: M003, Name: Aslam Raza]]>
              </value>
            </param>
            <param index="1">
              <value>
                <![CDATA[M003]]>
              </value>
            </param>
            <param index="2">
              <value>
                <![CDATA[Aslam Raza]]>
              </value>
            </param>
          </params>
          <reporter-output>
          </reporter-output>
        </test-method> <!-- testGetDetails -->
      </class> <!-- test.MemberTest -->
    </test> <!-- Default test -->
  </suite> <!-- Default suite -->
</testng-results>
